0 info it worked if it ends with ok
1 verbose cli [ 'C:\\Program Files\\nodejs\\node.exe',
1 verbose cli   'C:\\Users\\Administrator\\AppData\\Roaming\\npm\\node_modules\\npm\\bin\\npm-cli.js',
1 verbose cli   'start' ]
2 info using npm@3.10.6
3 info using node@v4.5.0
4 verbose run-script [ 'prestart', 'start', 'poststart' ]
5 info lifecycle express_know@0.0.0~prestart: express_know@0.0.0
6 silly lifecycle express_know@0.0.0~prestart: no script for prestart, continuing
7 info lifecycle express_know@0.0.0~start: express_know@0.0.0
8 verbose lifecycle express_know@0.0.0~start: unsafe-perm in lifecycle true
9 verbose lifecycle express_know@0.0.0~start: PATH: C:\Users\Administrator\AppData\Roaming\npm\node_modules\npm\bin\node-gyp-bin;E:\sublimeWorkspace\express_know\node_modules\.bin;C:\Program Files (x86)\Git\bin;C:\Ruby22\bin;C:\RailsInstaller\Git\cmd;C:\RailsInstaller\Ruby2.0.0\bin;C:\Ruby22-x64\bin;C:\ProgramData\Oracle\Java\javapath;C:\Program Files\Common Files\Microsoft Shared\Windows Live;C:\Program Files (x86)\Wizvera\Delfino;C:\app\Administrator\product\11.1.0\db_2\bin;C:\Windows\system32;C:\Windows;C:\Windows\System32\Wbem;C:\Windows\System32\WindowsPowerShell\v1.0\;C:\Program Files (x86)\AMD\ATI.ACE\Core-Static;C:\Java\JDK1.7\bin;C:\Users\Administrator\AppData\Roaming\nvm;C:\Program Files\Common Files\Microsoft Shared\Windows Live;C:\Tomcat7.0\bin;C:\Users\Administrator\AppData\Roaming\npm;C:\Users\Administrator\AppData\Roaming\nvm;C:\Users\Administrator\AppData\Roaming\nvm;C:\Program Files\nodejs\node_modules\nvm;C:\Program Files\nodejs;C:\Program Files\Common Files\Microsoft Shared\Windows Live;C:\Tomcat7.0\bin;C:\Users\Administrator\AppData\Roaming\npm;C:\Program Files\nodejs\node_modules\nvm;C:\Program Files\nodejs;C:\Program Files\nodejs\node_modules\nvm;C:\Program ;C:\Program Files\Microsoft SQL Server\110\Tools\Bi;C:\Python27;C:\Program Files (x86)\Windows Kits\8.1\Windows Performance Toolkit\;%ANT_HOME%\bin;%ANDROID_HOME%;%ANDROID_HOME%\tools;%ANDROID_HOME%\platform-tools;C:\Program Files (x86)\Heroku\bin;C:\Program Files (x86)\git\cmd;C:\Program Files (x86)\QuickTime Alternative\QTSystem;C:\Program Files (x86)\Brackets\command;C:\Program Files\nodejs\;C:\Program Files\Common Files\Microsoft Shared\Windows Live;C:\Tomcat7.0\bin;;c:\Python27;C:\Program Files\MongoDB\Server\3.0\bin;C:\apache-ant-1.9.6\bin;C:\Users\Administrator\AppData\Local\Android\android-sdk;C:\Users\Administrator\AppData\Local\Android\android-sdk\tools;C:\Users\Administrator\AppData\Local\Android\android-sdk\platform-tools;C:\Users\Administrator\AppData\Roaming\npm;C:\Program Files\Bandizip\7z;C:\Program Files (x86)\ESTsoft\ALSee\x64
10 verbose lifecycle express_know@0.0.0~start: CWD: E:\sublimeWorkspace\express_know
11 silly lifecycle express_know@0.0.0~start: Args: [ '/d /s /c', 'node ./bin/www' ]
12 silly lifecycle express_know@0.0.0~start: Returned: code: 1  signal: null
13 info lifecycle express_know@0.0.0~start: Failed to exec start script
14 verbose stack Error: express_know@0.0.0 start: `node ./bin/www`
14 verbose stack Exit status 1
14 verbose stack     at EventEmitter.<anonymous> (C:\Users\Administrator\AppData\Roaming\npm\node_modules\npm\lib\utils\lifecycle.js:255:16)
14 verbose stack     at emitTwo (events.js:87:13)
14 verbose stack     at EventEmitter.emit (events.js:172:7)
14 verbose stack     at ChildProcess.<anonymous> (C:\Users\Administrator\AppData\Roaming\npm\node_modules\npm\lib\utils\spawn.js:40:14)
14 verbose stack     at emitTwo (events.js:87:13)
14 verbose stack     at ChildProcess.emit (events.js:172:7)
14 verbose stack     at maybeClose (internal/child_process.js:829:16)
14 verbose stack     at Process.ChildProcess._handle.onexit (internal/child_process.js:211:5)
15 verbose pkgid express_know@0.0.0
16 verbose cwd E:\sublimeWorkspace\express_know
17 error Windows_NT 6.1.7601
18 error argv "C:\\Program Files\\nodejs\\node.exe" "C:\\Users\\Administrator\\AppData\\Roaming\\npm\\node_modules\\npm\\bin\\npm-cli.js" "start"
19 error node v4.5.0
20 error npm  v3.10.6
21 error code ELIFECYCLE
22 error express_know@0.0.0 start: `node ./bin/www`
22 error Exit status 1
23 error Failed at the express_know@0.0.0 start script 'node ./bin/www'.
23 error Make sure you have the latest version of node.js and npm installed.
23 error If you do, this is most likely a problem with the express_know package,
23 error not with npm itself.
23 error Tell the author that this fails on your system:
23 error     node ./bin/www
23 error You can get information on how to open an issue for this project with:
23 error     npm bugs express_know
23 error Or if that isn't available, you can get their info via:
23 error     npm owner ls express_know
23 error There is likely additional logging output above.
24 verbose exit [ 1, true ]
